TN:
SF:script/Deploy.s.sol
DA:11,0
FN:11,DeployScript.run
FNDA:0,DeployScript.run
DA:12,0
DA:15,0
DA:17,0
DA:19,0
DA:20,0
FNF:1
FNH:0
LF:6
LH:0
BRF:0
BRH:0
end_of_record
TN:
SF:src/PachiraAquatica.sol
DA:28,8
FN:28,PachiraAquatica.constructor
FNDA:8,PachiraAquatica.constructor
DA:29,8
BRDA:29,0,0,0
BRDA:29,0,1,8
DA:30,8
DA:31,8
DA:37,11439
FN:37,PachiraAquatica.setOracle
FNDA:11439,PachiraAquatica.setOracle
DA:38,8
BRDA:38,1,0,0
BRDA:38,1,1,8
DA:39,8
DA:40,8
DA:46,2
FN:46,PachiraAquatica.getLatestPrice
FNDA:2,PachiraAquatica.getLatestPrice
DA:47,260
DA:53,260
DA:56,260
BRDA:56,2,0,1
BRDA:56,2,1,259
DA:58,259
BRDA:58,3,0,1
BRDA:58,3,1,258
DA:62,258
BRDA:62,4,0,0
BRDA:62,4,1,258
DA:64,258
DA:70,12030
FN:70,PachiraAquatica.buyTokens
FNDA:12030,PachiraAquatica.buyTokens
DA:71,12030
BRDA:71,5,0,11772
BRDA:71,5,1,258
DA:73,258
DA:77,258
DA:79,258
BRDA:79,6,0,0
BRDA:79,6,1,258
DA:81,258
DA:82,258
DA:88,11630
FN:88,PachiraAquatica.withdrawEth
FNDA:11630,PachiraAquatica.withdrawEth
DA:89,16
DA:90,16
BRDA:90,7,0,15
BRDA:90,7,1,1
DA:92,1
DA:93,1
BRDA:93,8,0,0
BRDA:93,8,1,1
FNF:5
FNH:5
LF:27
LH:27
BRF:18
BRH:13
end_of_record
TN:
SF:test/PachiraAquatica.t.sol
DA:15,8
FN:15,MockOracle.constructor
FNDA:8,MockOracle.constructor
DA:16,8
DA:17,8
DA:20,11559
FN:20,MockOracle.setPrice
FNDA:11559,MockOracle.setPrice
DA:21,11559
DA:22,11559
DA:23,11559
DA:24,11559
DA:27,11685
FN:27,MockOracle.setStale
FNDA:11685,MockOracle.setStale
DA:28,11685
DA:31,11818
FN:31,MockOracle.setUpdatedAt
FNDA:11818,MockOracle.setUpdatedAt
DA:32,11818
DA:35,260
FN:35,MockOracle.latestRoundData
FNDA:260,MockOracle.latestRoundData
DA:38,260
FNF:5
FNH:5
LF:14
LH:14
BRF:0
BRH:0
end_of_record
