TN:
SF:script/Deploy.s.sol
DA:11,0
FN:11,DeployScript.run
FNDA:0,DeployScript.run
DA:12,0
DA:15,0
DA:17,0
DA:19,0
DA:20,0
FNF:1
FNH:0
LF:6
LH:0
BRF:0
BRH:0
end_of_record
TN:
SF:src/PachiraAquatica.sol
DA:25,13
FN:25,PachiraAquatica.constructor
FNDA:13,PachiraAquatica.constructor
DA:26,13
BRDA:26,0,0,0
BRDA:26,0,1,13
DA:27,13
DA:28,13
DA:34,11440
FN:34,PachiraAquatica.setOracle
FNDA:11440,PachiraAquatica.setOracle
DA:35,3
BRDA:35,1,0,1
BRDA:35,1,1,2
DA:36,2
DA:37,2
DA:43,3
FN:43,PachiraAquatica.getLatestPrice
FNDA:3,PachiraAquatica.getLatestPrice
DA:44,262
DA:47,262
BRDA:47,2,0,1
BRDA:47,2,1,261
DA:49,261
BRDA:49,3,0,1
BRDA:49,3,1,260
DA:53,260
BRDA:53,4,0,1
BRDA:53,4,1,259
DA:55,259
DA:61,12032
FN:61,PachiraAquatica.buyTokens
FNDA:12032,PachiraAquatica.buyTokens
DA:62,12032
BRDA:62,5,0,11773
BRDA:62,5,1,259
DA:64,259
DA:68,259
DA:70,259
BRDA:70,6,0,0
BRDA:70,6,1,259
DA:72,259
DA:73,259
DA:79,11632
FN:79,PachiraAquatica.withdrawEth
FNDA:11632,PachiraAquatica.withdrawEth
DA:80,2
DA:81,2
BRDA:81,7,0,1
BRDA:81,7,1,1
DA:83,1
DA:84,1
BRDA:84,8,0,0
BRDA:84,8,1,1
FNF:5
FNH:5
LF:26
LH:26
BRF:18
BRH:15
end_of_record
TN:
SF:test/PachiraAquatica.t.sol
DA:15,13
FN:15,MockOracle.constructor
FNDA:13,MockOracle.constructor
DA:16,13
DA:17,13
DA:20,11559
FN:20,MockOracle.setPrice
FNDA:11559,MockOracle.setPrice
DA:21,11559
DA:22,11559
DA:23,11559
DA:24,11559
DA:27,11685
FN:27,MockOracle.setStale
FNDA:11685,MockOracle.setStale
DA:28,11685
DA:31,11819
FN:31,MockOracle.setUpdatedAt
FNDA:11819,MockOracle.setUpdatedAt
DA:32,11819
DA:35,262
FN:35,MockOracle.latestRoundData
FNDA:262,MockOracle.latestRoundData
DA:36,262
FNF:5
FNH:5
LF:14
LH:14
BRF:0
BRH:0
end_of_record
